This is pdfTeX, Version 3.1415926-2.5-1.40.14 (MiKTeX 2.9) (preloaded format=pdflatex 2015.3.30)  30 MAR 2015 15:32
entering extended mode
**C:/Users/rolf/Downloads/vs.msc.ws14/paper/llncs.tex
(C:/Users/rolf/Downloads/vs.msc.ws14/paper/llncs.tex
LaTeX2e <2011/06/27>
Babel <v3.8m> and hyphenation patterns for english, afrikaans, ancientgreek, ar
abic, armenian, assamese, basque, bengali, bokmal, bulgarian, catalan, coptic, 
croatian, czech, danish, dutch, esperanto, estonian, farsi, finnish, french, ga
lician, german, german-x-2013-05-26, greek, gujarati, hindi, hungarian, iceland
ic, indonesian, interlingua, irish, italian, kannada, kurmanji, latin, latvian,
 lithuanian, malayalam, marathi, mongolian, mongolianlmc, monogreek, ngerman, n
german-x-2013-05-26, nynorsk, oriya, panjabi, pinyin, polish, portuguese, roman
ian, russian, sanskrit, serbian, slovak, slovenian, spanish, swedish, swissgerm
an, tamil, telugu, turkish, turkmen, ukenglish, ukrainian, uppersorbian, usengl
ishmax, welsh, loaded.
(C:\Users\rolf\Downloads\vs.msc.ws14\paper\llncs.cls
Document Class: llncs 2013/09/27 v2.18 
 LaTeX document class for Lecture Notes in Computer Science
(C:\Users\rolf\Downloads\miktex\tex\latex\base\article.cls
Document Class: article 2007/10/19 v1.4h Standard LaTeX document class
(C:\Users\rolf\Downloads\miktex\tex\latex\base\size10.clo
File: size10.clo 2007/10/19 v1.4h Standard LaTeX file (size option)
)
\c@part=\count79
\c@section=\count80
\c@subsection=\count81
\c@subsubsection=\count82
\c@paragraph=\count83
\c@subparagraph=\count84
\c@figure=\count85
\c@table=\count86
\abovecaptionskip=\skip41
\belowcaptionskip=\skip42
\bibindent=\dimen102
)
(C:\Users\rolf\Downloads\miktex\tex\latex\tools\multicol.sty
Package: multicol 2011/06/27 v1.7a multicolumn formatting (FMi)
\c@tracingmulticols=\count87
\mult@box=\box26
\multicol@leftmargin=\dimen103
\c@unbalance=\count88
\c@collectmore=\count89
\doublecol@number=\count90
\multicoltolerance=\count91
\multicolpretolerance=\count92
\full@width=\dimen104
\page@free=\dimen105
\premulticols=\dimen106
\postmulticols=\dimen107
\multicolsep=\skip43
\multicolbaselineskip=\skip44
\partial@page=\box27
\last@line=\box28
\mult@rightbox=\box29
\mult@grightbox=\box30
\mult@gfirstbox=\box31
\mult@firstbox=\box32
\@tempa=\box33
\@tempa=\box34
\@tempa=\box35
\@tempa=\box36
\@tempa=\box37
\@tempa=\box38
\@tempa=\box39
\@tempa=\box40
\@tempa=\box41
\@tempa=\box42
\@tempa=\box43
\@tempa=\box44
\@tempa=\box45
\@tempa=\box46
\@tempa=\box47
\@tempa=\box48
\@tempa=\box49
\c@columnbadness=\count93
\c@finalcolumnbadness=\count94
\last@try=\dimen108
\multicolovershoot=\dimen109
\multicolundershoot=\dimen110
\mult@nat@firstbox=\box50
\colbreak@box=\box51
\multicol@sort@counter=\count95
)
(C:\Users\rolf\Downloads\miktex\tex\latex\oberdiek\aliascnt.sty
Package: aliascnt 2009/09/08 v1.3 Alias counters (HO)

(C:\Users\rolf\Downloads\vs.msc.ws14\paper\remreset.sty))
\c@chapter=\count96
LaTeX Font Info:    Redeclaring math symbol \Gamma on input line 362.
LaTeX Font Info:    Redeclaring math symbol \Delta on input line 363.
LaTeX Font Info:    Redeclaring math symbol \Theta on input line 364.
LaTeX Font Info:    Redeclaring math symbol \Lambda on input line 365.
LaTeX Font Info:    Redeclaring math symbol \Xi on input line 366.
LaTeX Font Info:    Redeclaring math symbol \Pi on input line 367.
LaTeX Font Info:    Redeclaring math symbol \Sigma on input line 368.
LaTeX Font Info:    Redeclaring math symbol \Upsilon on input line 369.
LaTeX Font Info:    Redeclaring math symbol \Phi on input line 370.
LaTeX Font Info:    Redeclaring math symbol \Psi on input line 371.
LaTeX Font Info:    Redeclaring math symbol \Omega on input line 372.
\tocchpnum=\dimen111
\tocsecnum=\dimen112
\tocsectotal=\dimen113
\tocsubsecnum=\dimen114
\tocsubsectotal=\dimen115
\tocsubsubsecnum=\dimen116
\tocsubsubsectotal=\dimen117
\tocparanum=\dimen118
\tocparatotal=\dimen119
\tocsubparanum=\dimen120
\@tempcntc=\count97
\fnindent=\dimen121
\c@@inst=\count98
\c@@auth=\count99
\c@auco=\count100
\instindent=\dimen122
\authrun=\box52
\authorrunning=\toks14
\tocauthor=\toks15
\titrun=\box53
\titlerunning=\toks16
\toctitle=\toks17
\c@theorem=\count101
\c@case=\count102
\c@conjecture=\count103
\c@corollary=\count104
\c@definition=\count105
\c@example=\count106
\c@exercise=\count107
\c@lemma=\count108
\c@note=\count109
\c@problem=\count110
\c@property=\count111
\c@proposition=\count112
\c@question=\count113
\c@solution=\count114
\c@remark=\count115
\headlineindent=\dimen123
)
(C:\Users\rolf\Downloads\miktex\tex\latex\base\makeidx.sty
Package: makeidx 2000/03/29 v1.0m Standard LaTeX package
)
(C:\Users\rolf\Downloads\miktex\tex\latex\graphics\graphicx.sty
Package: graphicx 1999/02/16 v1.0f Enhanced LaTeX Graphics (DPC,SPQR)

(C:\Users\rolf\Downloads\miktex\tex\latex\graphics\keyval.sty
Package: keyval 1999/03/16 v1.13 key=value parser (DPC)
\KV@toks@=\toks18
)
(C:\Users\rolf\Downloads\miktex\tex\latex\graphics\graphics.sty
Package: graphics 2009/02/05 v1.0o Standard LaTeX Graphics (DPC,SPQR)

(C:\Users\rolf\Downloads\miktex\tex\latex\graphics\trig.sty
Package: trig 1999/03/16 v1.09 sin cos tan (DPC)
)
(C:\Users\rolf\Downloads\miktex\tex\latex\00miktex\graphics.cfg
File: graphics.cfg 2007/01/18 v1.5 graphics configuration of teTeX/TeXLive
)
Package graphics Info: Driver file: pdftex.def on input line 91.

(C:\Users\rolf\Downloads\miktex\tex\latex\pdftex-def\pdftex.def
File: pdftex.def 2011/05/27 v0.06d Graphics/color for pdfTeX

(C:\Users\rolf\Downloads\miktex\tex\generic\oberdiek\infwarerr.sty
Package: infwarerr 2010/04/08 v1.3 Providing info/warning/error messages (HO)
)
(C:\Users\rolf\Downloads\miktex\tex\generic\oberdiek\ltxcmds.sty
Package: ltxcmds 2011/11/09 v1.22 LaTeX kernel commands for general use (HO)
)
\Gread@gobject=\count116
))
\Gin@req@height=\dimen124
\Gin@req@width=\dimen125
)
(C:\Users\rolf\Downloads\miktex\tex\latex\amsmath\amsmath.sty
Package: amsmath 2013/01/14 v2.14 AMS math features
\@mathmargin=\skip45

For additional information on amsmath, use the `?' option.
(C:\Users\rolf\Downloads\miktex\tex\latex\amsmath\amstext.sty
Package: amstext 2000/06/29 v2.01

(C:\Users\rolf\Downloads\miktex\tex\latex\amsmath\amsgen.sty
File: amsgen.sty 1999/11/30 v2.0
\@emptytoks=\toks19
\ex@=\dimen126
))
(C:\Users\rolf\Downloads\miktex\tex\latex\amsmath\amsbsy.sty
Package: amsbsy 1999/11/29 v1.2d
\pmbraise@=\dimen127
)
(C:\Users\rolf\Downloads\miktex\tex\latex\amsmath\amsopn.sty
Package: amsopn 1999/12/14 v2.01 operator names
)
\inf@bad=\count117
LaTeX Info: Redefining \frac on input line 210.
\uproot@=\count118
\leftroot@=\count119
LaTeX Info: Redefining \overline on input line 306.
\classnum@=\count120
\DOTSCASE@=\count121
LaTeX Info: Redefining \ldots on input line 378.
LaTeX Info: Redefining \dots on input line 381.
LaTeX Info: Redefining \cdots on input line 466.
\Mathstrutbox@=\box54
\strutbox@=\box55
\big@size=\dimen128
LaTeX Font Info:    Redeclaring font encoding OML on input line 566.
LaTeX Font Info:    Redeclaring font encoding OMS on input line 567.


Package amsmath Warning: Unable to redefine math accent \vec.

\macc@depth=\count122
\c@MaxMatrixCols=\count123
\dotsspace@=\muskip10
\c@parentequation=\count124
\dspbrk@lvl=\count125
\tag@help=\toks20
\row@=\count126
\column@=\count127
\maxfields@=\count128
\andhelp@=\toks21
\eqnshift@=\dimen129
\alignsep@=\dimen130
\tagshift@=\dimen131
\tagwidth@=\dimen132
\totwidth@=\dimen133
\lineht@=\dimen134
\@envbody=\toks22
\multlinegap=\skip46
\multlinetaggap=\skip47
\mathdisplay@stack=\toks23
LaTeX Info: Redefining \[ on input line 2665.
LaTeX Info: Redefining \] on input line 2666.
) (C:\Users\rolf\Downloads\miktex\tex\latex\multirow\multirow.sty
\bigstrutjot=\dimen135
)
(C:\Users\rolf\Downloads\miktex\tex\latex\caption\caption.sty
Package: caption 2013/05/02 v3.3-89 Customizing captions (AR)

(C:\Users\rolf\Downloads\miktex\tex\latex\caption\caption3.sty
Package: caption3 2013/05/02 v1.6-88 caption3 kernel (AR)
Package caption3 Info: TeX engine: e-TeX on input line 57.
\captionmargin=\dimen136
\captionmargin@=\dimen137
\captionwidth=\dimen138
\caption@tempdima=\dimen139
\caption@indent=\dimen140
\caption@parindent=\dimen141
\caption@hangindent=\dimen142
Package caption Info: Unknown document class (or package),
(caption)             standard defaults will be used.
)

Package caption Warning: Unsupported document class (or package) detected,
(caption)                usage of the caption package is not recommended.
See the caption package documentation for explanation.

Package caption Info: \@makecaption = \long macro:#1#2->\small \vskip \abovecap
tionskip \sbox \@tempboxa {{\bfseries #1.} #2}\ifdim \wd \@tempboxa >\hsize {\b
fseries #1.} #2\par \else \global \@minipagefalse \hb@xt@ \hsize {\hfil \box \@
tempboxa \hfil }\fi \vskip \belowcaptionskip .
\c@ContinuedFloat=\count129
) (C:\Users\rolf\Downloads\miktex\tex\latex\listings\listings.sty
\lst@mode=\count130
\lst@gtempboxa=\box56
\lst@token=\toks24
\lst@length=\count131
\lst@currlwidth=\dimen143
\lst@column=\count132
\lst@pos=\count133
\lst@lostspace=\dimen144
\lst@width=\dimen145
\lst@newlines=\count134
\lst@lineno=\count135
\lst@maxwidth=\dimen146

(C:\Users\rolf\Downloads\miktex\tex\latex\listings\lstmisc.sty
File: lstmisc.sty 2014/09/06 1.5e (Carsten Heinz)
\c@lstnumber=\count136
\lst@skipnumbers=\count137
\lst@framebox=\box57
)
(C:\Users\rolf\Downloads\miktex\tex\latex\listings\listings.cfg
File: listings.cfg 2014/09/06 1.5e listings configuration
))
Package: listings 2014/09/06 1.5e (Carsten Heinz)

(C:\Users\rolf\Downloads\miktex\tex\latex\chngcntr\chngcntr.sty
Package: chngcntr 2009/09/02 v1.0a change counter resetting
)
(C:\Users\rolf\Downloads\vs.msc.ws14\paper\llncs.aux)
LaTeX Font Info:    Checking defaults for OML/cmm/m/it on input line 20.
LaTeX Font Info:    ... okay on input line 20.
LaTeX Font Info:    Checking defaults for T1/cmr/m/n on input line 20.
LaTeX Font Info:    ... okay on input line 20.
LaTeX Font Info:    Checking defaults for OT1/cmr/m/n on input line 20.
LaTeX Font Info:    ... okay on input line 20.
LaTeX Font Info:    Checking defaults for OMS/cmsy/m/n on input line 20.
LaTeX Font Info:    ... okay on input line 20.
LaTeX Font Info:    Checking defaults for OMX/cmex/m/n on input line 20.
LaTeX Font Info:    ... okay on input line 20.
LaTeX Font Info:    Checking defaults for U/cmr/m/n on input line 20.
LaTeX Font Info:    ... okay on input line 20.

(C:\Users\rolf\Downloads\miktex\tex\context\base\supp-pdf.mkii
[Loading MPS to PDF converter (version 2006.09.02).]
\scratchcounter=\count138
\scratchdimen=\dimen147
\scratchbox=\box58
\nofMPsegments=\count139
\nofMParguments=\count140
\everyMPshowfont=\toks25
\MPscratchCnt=\count141
\MPscratchDim=\dimen148
\MPnumerator=\count142
\makeMPintoPDFobject=\count143
\everyMPtoPDFconversion=\toks26
)
Package caption Info: Begin \AtBeginDocument code.
Package caption Info: Incompatible package detected (regarding \@caption).
(caption)             \@caption = \long macro:#1[#2]#3->\par \addcontentsline {
\csname ext@#1\endcsname }{#1}{\protect \numberline {\csname the#1\endcsname }{
\ignorespaces #2}}\begingroup \@parboxrestore \@makecaption {\csname fnum@#1\en
dcsname }{\ignorespaces #3}\par \endgroup .


Package caption Warning: \caption will not be redefined since it's already
(caption)                redefined by a document class or package which is
(caption)                unknown to the caption package.
See the caption package documentation for explanation.

Package caption Info: listings package is loaded.
Package caption Info: End \AtBeginDocument code.
\c@lstlisting=\count144
(C:\Users\rolf\Downloads\vs.msc.ws14\paper\sections/abstract.tex)
(C:\Users\rolf\Downloads\vs.msc.ws14\paper\sections/introduction.tex)
(C:\Users\rolf\Downloads\vs.msc.ws14\paper\sections/background.tex [1



{C:/Users/rolf/Downloads/miktex/pdftex/config/pdftex.map}]
<graphics/ClientJmTm.pdf, id=12, 656.44669pt x 372.17274pt>
File: graphics/ClientJmTm.pdf Graphic file (type pdf)

<use graphics/ClientJmTm.pdf>
Package pdftex.def Info: graphics/ClientJmTm.pdf used on input line 31.
(pdftex.def)             Requested size: 173.56177pt x 98.39815pt.

<graphics/slots.pdf, id=13, 618.97362pt x 359.94911pt>
File: graphics/slots.pdf Graphic file (type pdf)

<use graphics/slots.pdf>
Package pdftex.def Info: graphics/slots.pdf used on input line 37.
(pdftex.def)             Requested size: 173.56177pt x 100.92786pt.

Underfull \hbox (badness 10000) in paragraph at lines 46--46
 [][]\OT1/cmr/m/n/9 (2015) Clien-tJmTm.svg Github/Apache/Flink-master from
 []


Overfull \hbox (4.04709pt too wide) in paragraph at lines 46--46
 \OT1/cmr/m/n/9 https://raw.githubusercontent.com/apache/flink/master/docs/img/
ClientJmTm.svg| 
 []


Underfull \hbox (badness 10000) in paragraph at lines 49--49
 [][]\OT1/cmr/m/n/9 (2015) Slots.svg Github/Apache/Flink-master from
 []

) (C:\Users\rolf\Downloads\vs.msc.ws14\paper\sections/approach.tex [2 <C:/Users
/rolf/Downloads/vs.msc.ws14/paper/graphics/ClientJmTm.pdf> <C:/Users/rolf/Downl
oads/vs.msc.ws14/paper/graphics/slots.pdf

pdfTeX warning: pdflatex.EXE (file C:/Users/rolf/Downloads/vs.msc.ws14/paper/gr
aphics/slots.pdf): PDF inclusion: multiple pdfs with page group included in a s
ingle page
>] <graphics/schedulingapproaches.png, id=40, 1854.93pt x 648.4225pt>
File: graphics/schedulingapproaches.png Graphic file (type png)

<use graphics/schedulingapproaches.png>
Package pdftex.def Info: graphics/schedulingapproaches.png used on input line 8
.
(pdftex.def)             Requested size: 260.34265pt x 91.00609pt.
 [3 <C:/Users/rolf/Downloads/vs.msc.ws14/paper/graphics/schedulingapproaches.pn
g>])
(C:\Users\rolf\Downloads\vs.msc.ws14\paper\sections/implementation.tex [4]
<graphics/architecture.png, id=49, 774.895pt x 537.00626pt>
File: graphics/architecture.png Graphic file (type png)

<use graphics/architecture.png>
Package pdftex.def Info: graphics/architecture.png used on input line 46.
(pdftex.def)             Requested size: 242.98541pt x 168.38762pt.
 [5 <C:/Users/rolf/Downloads/vs.msc.ws14/paper/graphics/architecture.png>]
<graphics/executiongraph.png, id=53, 332.24126pt x 264.99pt>
File: graphics/executiongraph.png Graphic file (type png)

<use graphics/executiongraph.png>
Package pdftex.def Info: graphics/executiongraph.png used on input line 92.
(pdftex.def)             Requested size: 104.1381pt x 83.05986pt.

<graphics/topology.png, id=54, 281.05pt x 277.035pt>
File: graphics/topology.png Graphic file (type png)

<use graphics/topology.png>
Package pdftex.def Info: graphics/topology.png used on input line 98.
(pdftex.def)             Requested size: 104.1381pt x 102.64929pt.


LaTeX Warning: `h' float specifier changed to `ht'.

[6]
Missing character: There is no ¬ in font cmr10!
Missing character: There is no ≠ in font cmr10!

Overfull \hbox (4.12706pt too wide) in paragraph at lines 120--128
[]\OT1/cmr/m/n/10 Another rea-son-able ap-proach is the so-lu-tion to the gen-e
ral heav-i-est k-subgraph
 []

Missing character: There is no ‚ in font cmr10!
Missing character: There is no Ä in font cmr10!
Missing character: There is no ú in font cmr10!
Missing character: There is no ‚ in font cmr10!
Missing character: There is no Ä in font cmr10!
Missing character: There is no ù in font cmr10!
<graphics/hostgroup.png, id=59, 384.43625pt x 363.3575pt>
File: graphics/hostgroup.png Graphic file (type png)

<use graphics/hostgroup.png>
Package pdftex.def Info: graphics/hostgroup.png used on input line 137.
(pdftex.def)             Requested size: 138.84729pt x 131.2355pt.


LaTeX Warning: `h' float specifier changed to `ht'.


Underfull \vbox (badness 10000) has occurred while \output is active []

 [7 <C:/Users/rolf/Downloads/vs.msc.ws14/paper/graphics/executiongraph.png> <C:
/Users/rolf/Downloads/vs.msc.ws14/paper/graphics/topology.png>]
Underfull \hbox (badness 10000) in paragraph at lines 153--158

 []

[8 <C:/Users/rolf/Downloads/vs.msc.ws14/paper/graphics/hostgroup.png>])
(C:\Users\rolf\Downloads\vs.msc.ws14\paper\sections/outlook.tex [9])
(C:\Users\rolf\Downloads\vs.msc.ws14\paper\sections/evaluation.tex
Missing character: There is no ¬ in font cmr9!
Missing character: There is no ≠ in font cmr9!
Missing character: There is no ¬ in font cmr9!
Missing character: There is no ≠ in font cmr9!

<graphics/typicalfattree.pdf, id=73, 407.47763pt x 166.22813pt>
File: graphics/typicalfattree.pdf Graphic file (type pdf)

<use graphics/typicalfattree.pdf>
Package pdftex.def Info: graphics/typicalfattree.pdf used on input line 21.
(pdftex.def)             Requested size: 173.56177pt x 70.80453pt.

<graphics/mininetfattree.png, id=74, 796.9775pt x 478.78876pt>
File: graphics/mininetfattree.png Graphic file (type png)

<use graphics/mininetfattree.png>
Package pdftex.def Info: graphics/mininetfattree.png used on input line 27.
(pdftex.def)             Requested size: 173.56177pt x 104.26721pt.


LaTeX Warning: `h' float specifier changed to `ht'.

[10] [11 <C:/Users/rolf/Downloads/vs.msc.ws14/paper/graphics/typicalfattree.pdf
> <C:/Users/rolf/Downloads/vs.msc.ws14/paper/graphics/mininetfattree.png>])
(C:\Users\rolf\Downloads\vs.msc.ws14\paper\sections/related.tex)
(C:\Users\rolf\Downloads\vs.msc.ws14\paper\sections/conclusion.tex [12])
(C:\Users\rolf\Downloads\vs.msc.ws14\paper\llncs.bbl [13]) [14]
(C:\Users\rolf\Downloads\vs.msc.ws14\paper\llncs.aux) ) 
Here is how much of TeX's memory you used:
 4491 strings out of 493921
 66617 string characters out of 3146112
 133532 words of memory out of 3000000
 7723 multiletter control sequences out of 15000+200000
 9054 words of font info for 33 fonts, out of 3000000 for 9000
 841 hyphenation exceptions out of 8191
 36i,11n,38p,300b,868s stack positions out of 5000i,500n,10000p,200000b,50000s
<C:/Users/rolf/Downloads
/miktex/fonts/type1/public/amsfonts/cm/cmbx10.pfb><C:/Users/rolf/Downloads/mikt
ex/fonts/type1/public/amsfonts/cm/cmbx12.pfb><C:/Users/rolf/Downloads/miktex/fo
nts/type1/public/amsfonts/cm/cmbx9.pfb><C:/Users/rolf/Downloads/miktex/fonts/ty
pe1/public/amsfonts/cm/cmmi10.pfb><C:/Users/rolf/Downloads/miktex/fonts/type1/p
ublic/amsfonts/cm/cmr10.pfb><C:/Users/rolf/Downloads/miktex/fonts/type1/public/
amsfonts/cm/cmr6.pfb><C:/Users/rolf/Downloads/miktex/fonts/type1/public/amsfont
s/cm/cmr7.pfb><C:/Users/rolf/Downloads/miktex/fonts/type1/public/amsfonts/cm/cm
r9.pfb><C:/Users/rolf/Downloads/miktex/fonts/type1/public/amsfonts/cm/cmsy10.pf
b><C:/Users/rolf/Downloads/miktex/fonts/type1/public/amsfonts/cm/cmsy9.pfb><C:/
Users/rolf/Downloads/miktex/fonts/type1/public/amsfonts/cm/cmti10.pfb><C:/Users
/rolf/Downloads/miktex/fonts/type1/public/amsfonts/cm/cmti9.pfb><C:/Users/rolf/
Downloads/miktex/fonts/type1/public/amsfonts/cm/cmtt10.pfb>
Output written on llncs.pdf (14 pages, 1071252 bytes).
PDF statistics:
 816 PDF objects out of 1000 (max. 8388607)
 0 named destinations out of 1000 (max. 500000)
 46 words of extra memory for PDF output out of 10000 (max. 10000000)

